0 info it worked if it ends with ok
1 verbose cli [ '/usr/local/bin/node',
1 verbose cli   '/usr/local/bin/npm',
1 verbose cli   'install',
1 verbose cli   '-',
1 verbose cli   'bower' ]
2 info using npm@3.3.12
3 info using node@v5.4.1
4 silly loadCurrentTree Starting
5 silly install loadCurrentTree
6 silly install readLocalPackageData
7 silly fetchPackageMetaData -
8 silly fetchPackageMetaData bower
9 silly fetchOtherPackageData -
10 silly cache add args [ '-', null ]
11 verbose cache add spec -
12 silly fetchNamedPackageData bower
13 silly mapToRegistry name bower
14 silly mapToRegistry using default registry
15 silly mapToRegistry registry https://registry.npmjs.org/
16 silly mapToRegistry uri https://registry.npmjs.org/bower
17 silly cache add parsed spec Result {
17 silly cache add   raw: '-',
17 silly cache add   scope: null,
17 silly cache add   name: null,
17 silly cache add   rawSpec: '-',
17 silly cache add   spec: '/Users/James/Desktop/fight-club/-',
17 silly cache add   type: 'local' }
18 error addLocal Could not install /Users/James/Desktop/fight-club/-
19 silly fetchPackageMetaData Error: ENOENT: no such file or directory, open '/Users/James/Desktop/fight-club/-'
19 silly fetchPackageMetaData     at Error (native)
19 silly fetchPackageMetaData  error for - { [Error: ENOENT: no such file or directory, open '/Users/James/Desktop/fight-club/-']
19 silly fetchPackageMetaData   errno: -2,
19 silly fetchPackageMetaData   code: 'ENOENT',
19 silly fetchPackageMetaData   syscall: 'open',
19 silly fetchPackageMetaData   path: '/Users/James/Desktop/fight-club/-' }
20 verbose request uri https://registry.npmjs.org/bower
21 verbose request no auth needed
22 info attempt registry request try #1 at 7:47:14 AM
23 verbose request id 5d1613241ea599d9
24 verbose etag "BHZR7TB1ZFK06F3HK7QCRL5CT"
25 http request GET https://registry.npmjs.org/bower
26 http 200 https://registry.npmjs.org/bower
27 verbose headers { server: 'CouchDB/1.5.0 (Erlang OTP/R16B03)',
27 verbose headers   etag: '"2R6P7FF36OERXSTI4BZIK1LS5"',
27 verbose headers   'content-type': 'application/json',
27 verbose headers   'cache-control': 'max-age=300',
27 verbose headers   'content-length': '168996',
27 verbose headers   'accept-ranges': 'bytes',
27 verbose headers   date: 'Tue, 16 Feb 2016 14:47:14 GMT',
27 verbose headers   via: '1.1 varnish',
27 verbose headers   age: '144',
27 verbose headers   connection: 'keep-alive',
27 verbose headers   'x-served-by': 'cache-sjc3135-SJC',
27 verbose headers   'x-cache': 'HIT',
27 verbose headers   'x-cache-hits': '3',
27 verbose headers   'x-timer': 'S1455634034.455402,VS0,VE0',
27 verbose headers   vary: 'Accept' }
28 silly get cb [ 200,
28 silly get   { server: 'CouchDB/1.5.0 (Erlang OTP/R16B03)',
28 silly get     etag: '"2R6P7FF36OERXSTI4BZIK1LS5"',
28 silly get     'content-type': 'application/json',
28 silly get     'cache-control': 'max-age=300',
28 silly get     'content-length': '168996',
28 silly get     'accept-ranges': 'bytes',
28 silly get     date: 'Tue, 16 Feb 2016 14:47:14 GMT',
28 silly get     via: '1.1 varnish',
28 silly get     age: '144',
28 silly get     connection: 'keep-alive',
28 silly get     'x-served-by': 'cache-sjc3135-SJC',
28 silly get     'x-cache': 'HIT',
28 silly get     'x-cache-hits': '3',
28 silly get     'x-timer': 'S1455634034.455402,VS0,VE0',
28 silly get     vary: 'Accept' } ]
29 verbose get saving bower to /Users/James/.npm/registry.npmjs.org/bower/.cache.json
30 silly rollbackFailedOptional Starting
31 silly rollbackFailedOptional Finishing
32 silly runTopLevelLifecycles Starting
33 silly runTopLevelLifecycles Finishing
34 silly install printInstalled
35 verbose stack Error: ENOENT: no such file or directory, open '/Users/James/Desktop/fight-club/-'
35 verbose stack     at Error (native)
36 verbose cwd /Users/James/Desktop/fight-club
37 error Darwin 15.3.0
38 error argv "/usr/local/bin/node" "/usr/local/bin/npm" "install" "-" "bower"
39 error node v5.4.1
40 error npm  v3.3.12
41 error path /Users/James/Desktop/fight-club/-
42 error code ENOENT
43 error errno -2
44 error syscall open
45 error enoent ENOENT: no such file or directory, open '/Users/James/Desktop/fight-club/-'
45 error enoent This is most likely not a problem with npm itself
45 error enoent and is related to npm not being able to find a file.
46 verbose exit [ -2, true ]
